;****************************************************************************
; Copyright 1996 Symantec, Peter Norton Product Group
;****************************************************************************
; WD7SIGS.LST
;
; $Header:   S:/NAVEX/VCS/WD7SIGS.LSv   1.1   07 Apr 1997 16:39:52   CFORMUL  $
;
; This file contains the list of files containing Word macro virus
; signatures.
;
;****************************************************************************
; $Log:   S:/NAVEX/VCS/WD7SIGS.LSv  $
   
      Rev 1.1   07 Apr 1997 16:39:52   CFORMUL
   Added more .wdf files:
     wdnamsig.wdf - holds name signatures
     wdvarsig.wdf - hold variant signatures
     wd7sigs2.wdf - more known variant sigs
     wd7sigs3.wdf - even more know variant sigs
   
      Rev 1.0   17 Jan 1997 11:24:26   DCHI
   Initial revision.
;
;****************************************************************************

wdnamsig.wdf
wd7sigs.wdf
wd7sigs2.wdf
wd7sigs3.wdf
wdvarsig.wdf
