"$AVBUILDIR\\robj"
"$AVBUILDIR\\rout"
"$AVBUILDIR\\rout\\com"
"$AVBUILDIR\\rlib"

"$AVBUILDIR\\dobj"
"$AVBUILDIR\\dout"
"$AVBUILDIR\\dout\\com"
"$AVBUILDIR\\dlib"

"$AVBUILDIR\\rlog"
"$AVBUILDIR\\rlog\\$AVBUILDLANG"
"$AVBUILDIR\\rlog\\$AVBUILDLANG\\$AVBUILDSPIN"

"$AVBUILDIR\\robj\\$AVBUILDLANG"
"$AVBUILDIR\\rlib\\$AVBUILDLANG"
"$AVBUILDIR\\rout\\$AVBUILDLANG"
"$AVBUILDIR\\rout\\$AVBUILDLANG\\32"
"$AVBUILDIR\\rout\\$AVBUILDLANG\\nt"

"$AVBUILDIR\\dlog"
"$AVBUILDIR\\dlog\\$AVBUILDLANG"
"$AVBUILDIR\\dlog\\$AVBUILDLANG\\$AVBUILDSPIN"

"$AVBUILDIR\\dlib\\$AVBUILDLANG"
"$AVBUILDIR\\dobj\\$AVBUILDLANG"
"$AVBUILDIR\\dout\\$AVBUILDLANG"
"$AVBUILDIR\\dout\\$AVBUILDLANG\\32"
"$AVBUILDIR\\dout\\$AVBUILDLANG\\nt"
