;****************************************************************************
; Copyright 1997 Symantec, Peter Norton Product Group
;****************************************************************************
; XL97SIGS.LST
;
; $Header:   S:/NAVEX/VCS/XL97SIGS.LSv   1.1   18 Apr 1997 19:03:34   AOONWAL  $
;
; This file contains the list of files containing Excel 97 macro virus
; signatures.
;
;****************************************************************************
; $Log:   S:/NAVEX/VCS/XL97SIGS.LSv  $
   
      Rev 1.1   18 Apr 1997 19:03:34   AOONWAL
   Modified during DEV1 malfunction
   
      Rev ABID  14 Apr 1997 09:24:18   RELNITI
   ADD WDVARSIG.WDF for FullSet Repair in XL97
   
      Rev 1.0   13 Feb 1997 13:25:46   DCHI
   Initial revision.
;
;****************************************************************************

xl97sigs.wdf
wdvarsig.wdf

