activedocument
activevbproject
addfromfile
appinfo$
chr
chr$
codemodule
copy
count
countmacros
countoflines
countwindows
day
defaultdir$
destination
dialogrecord
directory
export
filename
filename$
filenamefromwindow$
filenameinfo$
filenew
fileopen
filesaveas
filesummaryinfo
filetemplates
fullname
getdocumentvar$
getprofilestring$
import
instr
isexecuteonly
item
lcase
lcase$
left
left$
len
ltrim
ltrim$
macrocontainer
macrocopy
macrodesc$
macrofilename$
macroname$
mid
mid$
newname
newtemplate
normaltemplate
organizer
organizercopy
organizerrename
rename
right
right$
rtrim
rtrim$
selectionfilename
source
str
str$
template
ucase
ucase$
val
vbcomponents
vbe
vbproject
windowname$
wordbasic

