;****************************************************************************
; Copyright 1997 Symantec, Peter Norton Product Group
;****************************************************************************
; WD8SIGS.LST
;
; $Header:   S:/NAVEX/VCS/wd8sigs.lsv   1.11   09 Oct 1998 12:17:46   relniti  $
;
; This file contains the list of files containing Word 8.0 macro virus
; signatures.
;
;****************************************************************************
; $Log:   S:/NAVEX/VCS/wd8sigs.lsv  $
   
      Rev 1.11   09 Oct 1998 12:17:46   relniti
   ADD wd7sigs7.wdf
   
      Rev 1.10   21 Sep 1998 18:23:28   JWILBER
   Added support for sig files from foreign offices.
 
      Rev 1.9   30 Mar 1998 13:51:16   AOONWAL
   Added WD7SIGS6.WDF
 
      Rev 1.8   03 Mar 1998 10:48:48   JWILBER
   Removed references to wdf files for foreign offices.
 
      Rev 1.7   10 Feb 1998 21:18:56   JWILBER
   Added name sig files for foreign offices.
 
      Rev 1.6   09 Feb 1998 19:58:26   JWILBER
   Added WDF files for foreign offices.
 
      Rev 1.5   08 Dec 1997 13:11:50   JWILBER
   No change - trailing spaces automatically eliminated from each line.
 
      Rev 1.4   02 Oct 1997 17:53:40   AOONWAL
   Added wd7sigs5.wdf
 
      Rev 1.3   23 Jun 1997 15:03:34   AOONWAL
   Modified during JULY 97 build
 
      Rev JULY97  16 Jun 1997 17:10:52   ECHIEN
   Added wd7sigs4
 
      Rev 1.2   08 May 1997 13:29:18   DCHI
   Added wdvarsig.wdf to list.
 
      Rev 1.1   07 Apr 1997 16:41:14   CFORMUL
   Added more .wdf files:
     wdnamsig.wdf - hold name signatures
     wdvarsig.wdf - holds variant segnatures
     wd7sigs2.wdf - more known variant sigs
     wd7sigs3.wdf - even more known variant sigs
 
      Rev 1.0   13 Feb 1997 13:25:48   DCHI
   Initial revision.
;
;****************************************************************************

wdnamsig.wdf
wdausnam.wdf
wdeurnam.wdf
wdjapnam.wdf
wd7sigs.wdf
wd7sigs2.wdf
wd7sigs3.wdf
wd7sigs4.wdf
wd7sigs5.wdf
wd7sigs6.wdf
wd7sigs7.wdf
wdaussig.wdf
wdeursig.wdf
wdjapsig.wdf
wd8sigs.wdf
wdvarsig.wdf
