;****************************************************************************
; Copyright 1997 Symantec, Peter Norton Product Group
;****************************************************************************
; XL97SIGS.LST
;
; $Header:   S:/NAVEX/VCS/XL97SIGS.LSv   1.5   16 Apr 1998 21:15:02   RELNITI  $
;
; This file contains the list of files containing Excel 97 macro virus
; signatures.
;
;****************************************************************************
; $Log:   S:/NAVEX/VCS/XL97SIGS.LSv  $
   
      Rev 1.5   16 Apr 1998 21:15:02   RELNITI
   CHANGE XLVARSIG.WDF to XL97VAR.WDF for XL97SIGS
   
      Rev 1.4   15 Apr 1998 10:56:34   RELNITI
   ADD XLNAMSIG.WDF
   REPLACE WDVARSIG.WDF w/ XLVARSIG.WDF
   
      Rev 1.3   03 Mar 1998 10:49:32   JWILBER
   Removed references to wdf files for foreign offices.
 
      Rev 1.2   09 Feb 1998 19:59:48   JWILBER
   Added WDF files for foreign offices.
 
      Rev 1.1   18 Apr 1997 19:03:34   AOONWAL
   Modified during DEV1 malfunction
 
      Rev ABID  14 Apr 1997 09:24:18   RELNITI
   ADD WDVARSIG.WDF for FullSet Repair in XL97
 
      Rev 1.0   13 Feb 1997 13:25:46   DCHI
   Initial revision.
;
;****************************************************************************

xlnamsig.wdf
xl97sigs.wdf
xl97var.wdf
