


LOADGATE Started at: 05 Apr 2000, 00:29:18.976

*****************************************************************************
LOADGATE Ended at: 05 Apr 2000, 00:29:21.480 (was running for 00:00:02.504)

*** Combined results for all signature set downloader threads ***
    Total number of signature downloader threads spawned: ---------- 1
    Total number of signatures downloaded: ------------------------- 0
    Total number of bytes of signature sets downloaded: ------------ 0
    Total number of timeouts waiting for a gateway's reply: -------- 0
    Total number of erratic or unrecognizable gateway's replies: --- 0
    Total number of critical errors (11001): -------------------------- 35
    Total number of all other critical errors: --------------------- 0
*****************************************************************************


LOADGATE Started at: 05 Apr 2000, 00:29:29.792

*****************************************************************************
LOADGATE Ended at: 05 Apr 2000, 00:29:35.800 (was running for 00:00:06.008)

*** Combined results for all signature set downloader threads ***
    Total number of signature downloader threads spawned: ---------- 1
    Total number of signatures downloaded: ------------------------- 0
    Total number of bytes of signature sets downloaded: ------------ 0
    Total number of timeouts waiting for a gateway's reply: -------- 0
    Total number of erratic or unrecognizable gateway's replies: --- 0
    Total number of critical errors (10061): -------------------------- 3
    Total number of all other critical errors: --------------------- 0
*****************************************************************************


LOADGATE Started at: 07 Apr 2000, 13:55:31.069

*****************************************************************************
LOADGATE Ended at: 07 Apr 2000, 13:55:32.782 (was running for 00:00:01.693)

*** Combined results for all sample uploading threads ***
    Total number of sample uploading threads spawned: -------------- 1
    Total number of files uploaded: -------------------------------- 0
    Total number of bytes of file data uploaded: ------------------- 0
    Total number of file I/O errors occured: ----------------------- 0
    Total number of timeouts waiting for a gateway's reply: -------- 0
    Total number of critical errors (11001): -------------------------- 6
    Total number of all other critical errors: --------------------- 0
*****************************************************************************
